<?xml version="1.0" encoding="UTF-8"?>
<!-- Generated by org.testng.reporters.JUnitReportReporter -->
<testsuite hostname="DESKTOP-9B2JCSO" failures="0" tests="1" name="org.testngpractice.FacebookTest" time="10.289" errors="0" timestamp="2023-11-29T09:00:12 IST" skipped="0">
  <testcase classname="org.testngpractice.FacebookTest" name="tearUp" time="10.289"/>
  <system-out/>
</testsuite> <!-- org.testngpractice.FacebookTest -->
