<?xml version="1.0" encoding="UTF-8"?>
<!-- Generated by org.testng.reporters.JUnitReportReporter -->
<testsuite hostname="DESKTOP-9B2JCSO" failures="0" tests="2" name="org.testngpractice.Sample" time="26.019" errors="0" timestamp="2023-11-29T09:00:12 IST" skipped="0">
  <testcase classname="org.testngpractice.Sample" name="tc1" time="14.240"/>
  <system-out/>
  <testcase classname="org.testngpractice.Sample" name="tc1" time="11.779"/>
  <system-out/>
</testsuite> <!-- org.testngpractice.Sample -->
