<?xml version="1.0" encoding="UTF-8"?>
<!-- Generated by org.testng.reporters.JUnitReportReporter -->
<testsuite hostname="DESKTOP-9B2JCSO" failures="0" tests="1" name="org.junitsample.AdactinApp" time="1.415" errors="0" timestamp="2023-11-21T09:27:48 IST" skipped="0">
  <testcase classname="org.junitsample.AdactinApp" name="userLogin" time="1.415"/>
  <system-out/>
</testsuite> <!-- org.junitsample.AdactinApp -->
