<?xml version="1.0" encoding="UTF-8"?>
<!-- Generated by org.testng.reporters.JUnitReportReporter -->
<testsuite hostname="DESKTOP-9B2JCSO" failures="0" tests="1" name="org.testngpractice.FacebookTest" time="8.708" errors="0" timestamp="2023-12-02T18:26:06 IST" skipped="0">
  <testcase classname="org.testngpractice.FacebookTest" name="tearUp" time="8.708"/>
  <system-out/>
</testsuite> <!-- org.testngpractice.FacebookTest -->
