<?xml version="1.0" encoding="UTF-8"?>
<!-- Generated by org.testng.reporters.JUnitReportReporter -->
<testsuite hostname="DESKTOP-9B2JCSO" failures="0" tests="2" name="org.testngpractice.Sample" time="24.036" errors="0" timestamp="2023-12-02T18:26:06 IST" skipped="0">
  <testcase classname="org.testngpractice.Sample" name="tc1" time="12.067"/>
  <system-out/>
  <testcase classname="org.testngpractice.Sample" name="tc1" time="11.969"/>
  <system-out/>
</testsuite> <!-- org.testngpractice.Sample -->
